2024-11-30 00:14:04,333 [ERROR] __main__: Failed to load config: [Errno 2] No such file or directory: 'config.yaml'
2024-11-30 00:14:04,341 [INFO] apscheduler.scheduler: Scheduler started
2024-11-30 00:14:04,341 [INFO] __main__: Scheduler started successfully
2024-11-30 00:15:44,114 [INFO] apscheduler.scheduler: Scheduler has been shut down
2024-11-30 00:15:44,115 [INFO] __main__: Scheduler stopped
2024-11-30 00:16:00,822 [ERROR] __main__: Failed to load config: [Errno 2] No such file or directory: 'config.yaml'
2024-11-30 00:16:00,828 [INFO] apscheduler.scheduler: Scheduler started
2024-11-30 00:16:00,828 [INFO] __main__: Scheduler started successfully
2024-11-30 00:16:36,822 [INFO] apscheduler.scheduler: Scheduler has been shut down
2024-11-30 00:16:36,824 [INFO] __main__: Scheduler stopped
2024-11-30 00:16:37,471 [ERROR] __main__: Failed to load config: [Errno 2] No such file or directory: 'config.yaml'
2024-11-30 00:16:37,477 [INFO] apscheduler.scheduler: Scheduler started
2024-11-30 00:16:37,477 [INFO] __main__: Scheduler started successfully
2024-11-30 00:17:54,678 [INFO] apscheduler.scheduler: Scheduler has been shut down
2024-11-30 00:17:54,680 [INFO] __main__: Scheduler stopped
2024-11-30 00:17:55,303 [ERROR] __main__: Failed to load config: [Errno 2] No such file or directory: 'config.yaml'
2024-11-30 00:17:55,309 [INFO] apscheduler.scheduler: Scheduler started
2024-11-30 00:17:55,310 [INFO] __main__: Scheduler started successfully
2024-11-30 01:04:58,170 [INFO] apscheduler.scheduler: Scheduler has been shut down
2024-11-30 01:04:58,177 [INFO] __main__: Scheduler stopped
2024-12-11 22:57:13,270 [ERROR] __main__: Failed to load config: [Errno 2] No such file or directory: 'config.yaml'
2024-12-11 22:57:13,275 [INFO] apscheduler.scheduler: Scheduler started
2024-12-11 22:57:13,275 [INFO] __main__: Scheduler started successfully
2024-12-11 22:58:14,909 [INFO] apscheduler.scheduler: Scheduler has been shut down
2024-12-11 22:58:14,910 [INFO] __main__: Scheduler stopped
2024-12-11 22:58:15,231 [ERROR] __main__: Failed to load config: [Errno 2] No such file or directory: 'config.yaml'
2024-12-11 22:58:15,237 [INFO] apscheduler.scheduler: Scheduler started
2024-12-11 22:58:15,238 [INFO] __main__: Scheduler started successfully
